<?xml version="1.0" encoding="UTF-8" ?>
<testsuite tests="1" failures="0" name="foo.project003.AppIntegrationTest" time="0.001" errors="0" skipped="0">
  <properties>
    <property name="org.jenkinsci.plugins.pipeline.maven.reportsFolder" value="/Users/olamy/softs/jenkins/home_maven_invoker/workspace/test-invoker-reports@2@tmp/withMaven8590bac0"/>
    <property name="java.runtime.name" value="Java(TM) SE Runtime Environment"/>
    <property name="sun.boot.library.path" value="/Users/olamy/softs/jenkins/home_maven_invoker/tools/hudson.model.JDK/jdk8/jre/lib"/>
    <property name="java.vm.version" value="25.192-b12"/>
    <property name="gopherProxySet" value="false"/>
    <property name="java.vm.vendor" value="Oracle Corporation"/>
    <property name="java.vendor.url" value="http://java.oracle.com/"/>
    <property name="path.separator" value=":"/>
    <property name="java.vm.name" value="Java HotSpot(TM) 64-Bit Server VM"/>
    <property name="file.encoding.pkg" value="sun.io"/>
    <property name="user.country" value="AU"/>
    <property name="sun.java.launcher" value="SUN_STANDARD"/>
    <property name="sun.os.patch.level" value="unknown"/>
    <property name="java.vm.specification.name" value="Java Virtual Machine Specification"/>
    <property name="user.dir" value="/Users/olamy/softs/jenkins/home_maven_invoker/workspace/test-invoker-reports@2/target/it/MJAR-80-fullcontent"/>
    <property name="java.runtime.version" value="1.8.0_192-b12"/>
    <property name="java.awt.graphicsenv" value="sun.awt.CGraphicsEnvironment"/>
    <property name="basedir" value="/Users/olamy/softs/jenkins/home_maven_invoker/workspace/test-invoker-reports@2/target/it/MJAR-80-fullcontent"/>
    <property name="java.endorsed.dirs" value="/Users/olamy/softs/jenkins/home_maven_invoker/tools/hudson.model.JDK/jdk8/jre/lib/endorsed"/>
    <property name="os.arch" value="x86_64"/>
    <property name="java.io.tmpdir" value="/var/folders/lj/91x5yt6x07x79t9297g4s5c40000gp/T/"/>
    <property name="line.separator" value="
"/>
    <property name="java.vm.specification.vendor" value="Oracle Corporation"/>
    <property name="os.name" value="Mac OS X"/>
    <property name="maven.ext.class.path" value="/Users/olamy/softs/jenkins/home_maven_invoker/workspace/test-invoker-reports@2@tmp/withMaven8590bac0/pipeline-maven-spy.jar"/>
    <property name="sun.jnu.encoding" value="UTF-8"/>
    <property name="java.library.path" value="/Users/olamy/Library/Java/Extensions:/Library/Java/Extensions:/Network/Library/Java/Extensions:/System/Library/Java/Extensions:/usr/lib/java:."/>
    <property name="java.specification.name" value="Java Platform API Specification"/>
    <property name="java.class.version" value="52.0"/>
    <property name="sun.management.compiler" value="HotSpot 64-Bit Tiered Compilers"/>
    <property name="os.version" value="10.14.1"/>
    <property name="http.nonProxyHosts" value="local|*.local|169.254/16|*.169.254/16"/>
    <property name="user.home" value="/Users/olamy"/>
    <property name="user.timezone" value=""/>
    <property name="java.awt.printerjob" value="sun.lwawt.macosx.CPrinterJob"/>
    <property name="java.specification.version" value="1.8"/>
    <property name="file.encoding" value="UTF-8"/>
    <property name="user.name" value="olamy"/>
    <property name="java.class.path" value="/Users/olamy/softs/jenkins/home_maven_invoker/workspace/test-invoker-reports@2/target/local-repo/org/apache/maven/surefire/surefire-booter/2.3/surefire-booter-2.3.jar:/Users/olamy/softs/jenkins/home_maven_invoker/workspace/test-invoker-reports@2/target/local-repo/org/apache/maven/surefire/surefire-api/2.3/surefire-api-2.3.jar:/Users/olamy/softs/jenkins/home_maven_invoker/workspace/test-invoker-reports@2/target/local-repo/org/codehaus/plexus/plexus-utils/1.1/plexus-utils-1.1.jar:/Users/olamy/softs/jenkins/home_maven_invoker/workspace/test-invoker-reports@2/target/local-repo/commons-lang/commons-lang/2.1/commons-lang-2.1.jar:/Users/olamy/softs/jenkins/home_maven_invoker/workspace/test-invoker-reports@2/target/local-repo/org/codehaus/plexus/plexus-archiver/1.0-alpha-7/plexus-archiver-1.0-alpha-7.jar:/Users/olamy/softs/jenkins/home_maven_invoker/workspace/test-invoker-reports@2/target/local-repo/org/codehaus/plexus/plexus-container-default/1.0-alpha-8/plexus-container-default-1.0-alpha-8.jar:/Users/olamy/softs/jenkins/home_maven_invoker/workspace/test-invoker-reports@2/target/local-repo/junit/junit/3.8.1/junit-3.8.1.jar:/Users/olamy/softs/jenkins/home_maven_invoker/workspace/test-invoker-reports@2/target/local-repo/classworlds/classworlds/1.1-alpha-2/classworlds-1.1-alpha-2.jar"/>
    <property name="java.vm.specification.version" value="1.8"/>
    <property name="sun.arch.data.model" value="64"/>
    <property name="java.home" value="/Users/olamy/softs/jenkins/home_maven_invoker/tools/hudson.model.JDK/jdk8/jre"/>
    <property name="sun.java.command" value="org.apache.maven.surefire.booter.SurefireBooter /var/folders/lj/91x5yt6x07x79t9297g4s5c40000gp/T/surefire4940814845909850537tmp /var/folders/lj/91x5yt6x07x79t9297g4s5c40000gp/T/surefire7067677610862655603tmp"/>
    <property name="java.specification.vendor" value="Oracle Corporation"/>
    <property name="user.language" value="en"/>
    <property name="awt.toolkit" value="sun.lwawt.macosx.LWCToolkit"/>
    <property name="java.vm.info" value="mixed mode"/>
    <property name="java.version" value="1.8.0_192"/>
    <property name="java.ext.dirs" value="/Users/olamy/Library/Java/Extensions:/Users/olamy/softs/jenkins/home_maven_invoker/tools/hudson.model.JDK/jdk8/jre/lib/ext:/Library/Java/Extensions:/Network/Library/Java/Extensions:/System/Library/Java/Extensions:/usr/lib/java"/>
    <property name="sun.boot.class.path" value="/Users/olamy/softs/jenkins/home_maven_invoker/tools/hudson.model.JDK/jdk8/jre/lib/resources.jar:/Users/olamy/softs/jenkins/home_maven_invoker/tools/hudson.model.JDK/jdk8/jre/lib/rt.jar:/Users/olamy/softs/jenkins/home_maven_invoker/tools/hudson.model.JDK/jdk8/jre/lib/sunrsasign.jar:/Users/olamy/softs/jenkins/home_maven_invoker/tools/hudson.model.JDK/jdk8/jre/lib/jsse.jar:/Users/olamy/softs/jenkins/home_maven_invoker/tools/hudson.model.JDK/jdk8/jre/lib/jce.jar:/Users/olamy/softs/jenkins/home_maven_invoker/tools/hudson.model.JDK/jdk8/jre/lib/charsets.jar:/Users/olamy/softs/jenkins/home_maven_invoker/tools/hudson.model.JDK/jdk8/jre/lib/jfr.jar:/Users/olamy/softs/jenkins/home_maven_invoker/tools/hudson.model.JDK/jdk8/jre/classes"/>
    <property name="java.vendor" value="Oracle Corporation"/>
    <property name="localRepository" value="/Users/olamy/softs/jenkins/home_maven_invoker/workspace/test-invoker-reports@2/target/local-repo"/>
    <property name="file.separator" value="/"/>
    <property name="java.vendor.url.bug" value="http://bugreport.sun.com/bugreport/"/>
    <property name="sun.cpu.endian" value="little"/>
    <property name="sun.io.unicode.encoding" value="UnicodeBig"/>
    <property name="socksNonProxyHosts" value="local|*.local|169.254/16|*.169.254/16"/>
    <property name="ftp.nonProxyHosts" value="local|*.local|169.254/16|*.169.254/16"/>
    <property name="sun.cpu.isalist" value=""/>
  </properties>
  <testcase name="testApp" time="0"/>
</testsuite>