<?xml version="1.0" encoding="UTF-8"?>
<testsuite xmlns:xsi="http://www.w3.org/2001/XMLSchema-instance" xsi:noNamespaceSchemaLocation="https://maven.apache.org/surefire/maven-surefire-plugin/xsd/surefire-test-report.xsd" name="org.apache.maven.plugins.jar.JarMojoTest" time="0.919" tests="1" errors="0" skipped="0" failures="0">
  <properties>
    <property name="gopherProxySet" value="false"/>
    <property name="awt.toolkit" value="sun.lwawt.macosx.LWCToolkit"/>
    <property name="file.encoding.pkg" value="sun.io"/>
    <property name="java.specification.version" value="1.8"/>
    <property name="sun.cpu.isalist" value=""/>
    <property name="sun.jnu.encoding" value="UTF-8"/>
    <property name="java.class.path" value="/Users/olamy/softs/jenkins/home_maven_invoker/workspace/test-invoker-reports@2/target/test-classes:/Users/olamy/softs/jenkins/home_maven_invoker/workspace/test-invoker-reports@2/target/classes:/Users/olamy/.m2/repository/org/apache/maven/maven-plugin-api/3.0/maven-plugin-api-3.0.jar:/Users/olamy/.m2/repository/org/apache/maven/maven-model/3.0/maven-model-3.0.jar:/Users/olamy/.m2/repository/org/sonatype/sisu/sisu-inject-plexus/1.4.2/sisu-inject-plexus-1.4.2.jar:/Users/olamy/.m2/repository/org/sonatype/sisu/sisu-inject-bean/1.4.2/sisu-inject-bean-1.4.2.jar:/Users/olamy/.m2/repository/org/sonatype/sisu/sisu-guice/2.1.7/sisu-guice-2.1.7-noaop.jar:/Users/olamy/.m2/repository/org/apache/maven/maven-core/3.0/maven-core-3.0.jar:/Users/olamy/.m2/repository/org/apache/maven/maven-settings/3.0/maven-settings-3.0.jar:/Users/olamy/.m2/repository/org/apache/maven/maven-settings-builder/3.0/maven-settings-builder-3.0.jar:/Users/olamy/.m2/repository/org/apache/maven/maven-repository-metadata/3.0/maven-repository-metadata-3.0.jar:/Users/olamy/.m2/repository/org/apache/maven/maven-model-builder/3.0/maven-model-builder-3.0.jar:/Users/olamy/.m2/repository/org/apache/maven/maven-aether-provider/3.0/maven-aether-provider-3.0.jar:/Users/olamy/.m2/repository/org/sonatype/aether/aether-impl/1.7/aether-impl-1.7.jar:/Users/olamy/.m2/repository/org/sonatype/aether/aether-spi/1.7/aether-spi-1.7.jar:/Users/olamy/.m2/repository/org/sonatype/aether/aether-api/1.7/aether-api-1.7.jar:/Users/olamy/.m2/repository/org/sonatype/aether/aether-util/1.7/aether-util-1.7.jar:/Users/olamy/.m2/repository/org/codehaus/plexus/plexus-interpolation/1.14/plexus-interpolation-1.14.jar:/Users/olamy/.m2/repository/org/codehaus/plexus/plexus-classworlds/2.2.3/plexus-classworlds-2.2.3.jar:/Users/olamy/.m2/repository/org/codehaus/plexus/plexus-component-annotations/1.7.1/plexus-component-annotations-1.7.1.jar:/Users/olamy/.m2/repository/org/sonatype/plexus/plexus-sec-dispatcher/1.3/plexus-sec-dispatcher-1.3.jar:/Users/olamy/.m2/repository/org/sonatype/plexus/plexus-cipher/1.4/plexus-cipher-1.4.jar:/Users/olamy/.m2/repository/org/apache/maven/maven-artifact/3.0/maven-artifact-3.0.jar:/Users/olamy/.m2/repository/org/apache/maven/maven-archiver/3.3.0/maven-archiver-3.3.0.jar:/Users/olamy/.m2/repository/org/apache/maven/shared/maven-shared-utils/3.2.1/maven-shared-utils-3.2.1.jar:/Users/olamy/.m2/repository/commons-io/commons-io/2.5/commons-io-2.5.jar:/Users/olamy/.m2/repository/org/apache/maven/plugin-tools/maven-plugin-annotations/3.5.2/maven-plugin-annotations-3.5.2.jar:/Users/olamy/.m2/repository/org/codehaus/plexus/plexus-archiver/3.7.0/plexus-archiver-3.7.0.jar:/Users/olamy/.m2/repository/org/codehaus/plexus/plexus-io/3.1.0/plexus-io-3.1.0.jar:/Users/olamy/.m2/repository/org/apache/commons/commons-compress/1.18/commons-compress-1.18.jar:/Users/olamy/.m2/repository/org/iq80/snappy/snappy/0.4/snappy-0.4.jar:/Users/olamy/.m2/repository/org/tukaani/xz/1.8/xz-1.8.jar:/Users/olamy/.m2/repository/org/codehaus/plexus/plexus-utils/3.1.0/plexus-utils-3.1.0.jar:/Users/olamy/.m2/repository/junit/junit/4.12/junit-4.12.jar:/Users/olamy/.m2/repository/org/hamcrest/hamcrest-core/1.3/hamcrest-core-1.3.jar:/Users/olamy/.m2/repository/org/apache/maven/maven-compat/3.0/maven-compat-3.0.jar:/Users/olamy/.m2/repository/org/apache/maven/wagon/wagon-provider-api/1.0-beta-6/wagon-provider-api-1.0-beta-6.jar:/Users/olamy/.m2/repository/org/apache/maven/plugin-testing/maven-plugin-testing-harness/2.1/maven-plugin-testing-harness-2.1.jar:"/>
    <property name="java.vm.vendor" value="Oracle Corporation"/>
    <property name="sun.arch.data.model" value="64"/>
    <property name="java.vendor.url" value="http://java.oracle.com/"/>
    <property name="user.timezone" value=""/>
    <property name="java.vm.specification.version" value="1.8"/>
    <property name="os.name" value="Mac OS X"/>
    <property name="org.jenkinsci.plugins.pipeline.maven.reportsFolder" value="/Users/olamy/softs/jenkins/home_maven_invoker/workspace/test-invoker-reports@2@tmp/withMaven8590bac0"/>
    <property name="sun.java.launcher" value="SUN_STANDARD"/>
    <property name="user.country" value="AU"/>
    <property name="sun.boot.library.path" value="/Users/olamy/softs/jenkins/home_maven_invoker/tools/hudson.model.JDK/jdk8/jre/lib"/>
    <property name="sun.java.command" value="/Users/olamy/softs/jenkins/home_maven_invoker/workspace/test-invoker-reports@2/target/surefire/surefirebooter2101967545181983467.jar /Users/olamy/softs/jenkins/home_maven_invoker/workspace/test-invoker-reports@2/target/surefire 2018-12-12T16-55-49_319-jvmRun1 surefire8241837998846143234tmp surefire_07505457140651568532tmp"/>
    <property name="http.nonProxyHosts" value="local|*.local|169.254/16|*.169.254/16"/>
    <property name="surefire.test.class.path" value="/Users/olamy/softs/jenkins/home_maven_invoker/workspace/test-invoker-reports@2/target/test-classes:/Users/olamy/softs/jenkins/home_maven_invoker/workspace/test-invoker-reports@2/target/classes:/Users/olamy/.m2/repository/org/apache/maven/maven-plugin-api/3.0/maven-plugin-api-3.0.jar:/Users/olamy/.m2/repository/org/apache/maven/maven-model/3.0/maven-model-3.0.jar:/Users/olamy/.m2/repository/org/sonatype/sisu/sisu-inject-plexus/1.4.2/sisu-inject-plexus-1.4.2.jar:/Users/olamy/.m2/repository/org/sonatype/sisu/sisu-inject-bean/1.4.2/sisu-inject-bean-1.4.2.jar:/Users/olamy/.m2/repository/org/sonatype/sisu/sisu-guice/2.1.7/sisu-guice-2.1.7-noaop.jar:/Users/olamy/.m2/repository/org/apache/maven/maven-core/3.0/maven-core-3.0.jar:/Users/olamy/.m2/repository/org/apache/maven/maven-settings/3.0/maven-settings-3.0.jar:/Users/olamy/.m2/repository/org/apache/maven/maven-settings-builder/3.0/maven-settings-builder-3.0.jar:/Users/olamy/.m2/repository/org/apache/maven/maven-repository-metadata/3.0/maven-repository-metadata-3.0.jar:/Users/olamy/.m2/repository/org/apache/maven/maven-model-builder/3.0/maven-model-builder-3.0.jar:/Users/olamy/.m2/repository/org/apache/maven/maven-aether-provider/3.0/maven-aether-provider-3.0.jar:/Users/olamy/.m2/repository/org/sonatype/aether/aether-impl/1.7/aether-impl-1.7.jar:/Users/olamy/.m2/repository/org/sonatype/aether/aether-spi/1.7/aether-spi-1.7.jar:/Users/olamy/.m2/repository/org/sonatype/aether/aether-api/1.7/aether-api-1.7.jar:/Users/olamy/.m2/repository/org/sonatype/aether/aether-util/1.7/aether-util-1.7.jar:/Users/olamy/.m2/repository/org/codehaus/plexus/plexus-interpolation/1.14/plexus-interpolation-1.14.jar:/Users/olamy/.m2/repository/org/codehaus/plexus/plexus-classworlds/2.2.3/plexus-classworlds-2.2.3.jar:/Users/olamy/.m2/repository/org/codehaus/plexus/plexus-component-annotations/1.7.1/plexus-component-annotations-1.7.1.jar:/Users/olamy/.m2/repository/org/sonatype/plexus/plexus-sec-dispatcher/1.3/plexus-sec-dispatcher-1.3.jar:/Users/olamy/.m2/repository/org/sonatype/plexus/plexus-cipher/1.4/plexus-cipher-1.4.jar:/Users/olamy/.m2/repository/org/apache/maven/maven-artifact/3.0/maven-artifact-3.0.jar:/Users/olamy/.m2/repository/org/apache/maven/maven-archiver/3.3.0/maven-archiver-3.3.0.jar:/Users/olamy/.m2/repository/org/apache/maven/shared/maven-shared-utils/3.2.1/maven-shared-utils-3.2.1.jar:/Users/olamy/.m2/repository/commons-io/commons-io/2.5/commons-io-2.5.jar:/Users/olamy/.m2/repository/org/apache/maven/plugin-tools/maven-plugin-annotations/3.5.2/maven-plugin-annotations-3.5.2.jar:/Users/olamy/.m2/repository/org/codehaus/plexus/plexus-archiver/3.7.0/plexus-archiver-3.7.0.jar:/Users/olamy/.m2/repository/org/codehaus/plexus/plexus-io/3.1.0/plexus-io-3.1.0.jar:/Users/olamy/.m2/repository/org/apache/commons/commons-compress/1.18/commons-compress-1.18.jar:/Users/olamy/.m2/repository/org/iq80/snappy/snappy/0.4/snappy-0.4.jar:/Users/olamy/.m2/repository/org/tukaani/xz/1.8/xz-1.8.jar:/Users/olamy/.m2/repository/org/codehaus/plexus/plexus-utils/3.1.0/plexus-utils-3.1.0.jar:/Users/olamy/.m2/repository/junit/junit/4.12/junit-4.12.jar:/Users/olamy/.m2/repository/org/hamcrest/hamcrest-core/1.3/hamcrest-core-1.3.jar:/Users/olamy/.m2/repository/org/apache/maven/maven-compat/3.0/maven-compat-3.0.jar:/Users/olamy/.m2/repository/org/apache/maven/wagon/wagon-provider-api/1.0-beta-6/wagon-provider-api-1.0-beta-6.jar:/Users/olamy/.m2/repository/org/apache/maven/plugin-testing/maven-plugin-testing-harness/2.1/maven-plugin-testing-harness-2.1.jar:"/>
    <property name="sun.cpu.endian" value="little"/>
    <property name="user.home" value="/Users/olamy"/>
    <property name="user.language" value="en"/>
    <property name="java.specification.vendor" value="Oracle Corporation"/>
    <property name="java.home" value="/Users/olamy/softs/jenkins/home_maven_invoker/tools/hudson.model.JDK/jdk8/jre"/>
    <property name="basedir" value="/Users/olamy/softs/jenkins/home_maven_invoker/workspace/test-invoker-reports@2"/>
    <property name="file.separator" value="/"/>
    <property name="line.separator" value="&#10;"/>
    <property name="java.vm.specification.vendor" value="Oracle Corporation"/>
    <property name="java.specification.name" value="Java Platform API Specification"/>
    <property name="java.awt.graphicsenv" value="sun.awt.CGraphicsEnvironment"/>
    <property name="surefire.real.class.path" value="/Users/olamy/softs/jenkins/home_maven_invoker/workspace/test-invoker-reports@2/target/surefire/surefirebooter2101967545181983467.jar"/>
    <property name="sun.boot.class.path" value="/Users/olamy/softs/jenkins/home_maven_invoker/tools/hudson.model.JDK/jdk8/jre/lib/resources.jar:/Users/olamy/softs/jenkins/home_maven_invoker/tools/hudson.model.JDK/jdk8/jre/lib/rt.jar:/Users/olamy/softs/jenkins/home_maven_invoker/tools/hudson.model.JDK/jdk8/jre/lib/sunrsasign.jar:/Users/olamy/softs/jenkins/home_maven_invoker/tools/hudson.model.JDK/jdk8/jre/lib/jsse.jar:/Users/olamy/softs/jenkins/home_maven_invoker/tools/hudson.model.JDK/jdk8/jre/lib/jce.jar:/Users/olamy/softs/jenkins/home_maven_invoker/tools/hudson.model.JDK/jdk8/jre/lib/charsets.jar:/Users/olamy/softs/jenkins/home_maven_invoker/tools/hudson.model.JDK/jdk8/jre/lib/jfr.jar:/Users/olamy/softs/jenkins/home_maven_invoker/tools/hudson.model.JDK/jdk8/jre/classes"/>
    <property name="sun.management.compiler" value="HotSpot 64-Bit Tiered Compilers"/>
    <property name="ftp.nonProxyHosts" value="local|*.local|169.254/16|*.169.254/16"/>
    <property name="java.runtime.version" value="1.8.0_192-b12"/>
    <property name="user.name" value="olamy"/>
    <property name="path.separator" value=":"/>
    <property name="os.version" value="10.14.1"/>
    <property name="java.endorsed.dirs" value="/Users/olamy/softs/jenkins/home_maven_invoker/tools/hudson.model.JDK/jdk8/jre/lib/endorsed"/>
    <property name="java.runtime.name" value="Java(TM) SE Runtime Environment"/>
    <property name="file.encoding" value="UTF-8"/>
    <property name="java.vm.name" value="Java HotSpot(TM) 64-Bit Server VM"/>
    <property name="maven.ext.class.path" value="/Users/olamy/softs/jenkins/home_maven_invoker/workspace/test-invoker-reports@2@tmp/withMaven8590bac0/pipeline-maven-spy.jar"/>
    <property name="localRepository" value="/Users/olamy/.m2/repository"/>
    <property name="java.vendor.url.bug" value="http://bugreport.sun.com/bugreport/"/>
    <property name="java.io.tmpdir" value="/var/folders/lj/91x5yt6x07x79t9297g4s5c40000gp/T/"/>
    <property name="java.version" value="1.8.0_192"/>
    <property name="user.dir" value="/Users/olamy/softs/jenkins/home_maven_invoker/workspace/test-invoker-reports@2"/>
    <property name="os.arch" value="x86_64"/>
    <property name="java.vm.specification.name" value="Java Virtual Machine Specification"/>
    <property name="java.awt.printerjob" value="sun.lwawt.macosx.CPrinterJob"/>
    <property name="sun.os.patch.level" value="unknown"/>
    <property name="java.library.path" value="/Users/olamy/Library/Java/Extensions:/Library/Java/Extensions:/Network/Library/Java/Extensions:/System/Library/Java/Extensions:/usr/lib/java:."/>
    <property name="java.vm.info" value="mixed mode"/>
    <property name="java.vendor" value="Oracle Corporation"/>
    <property name="java.vm.version" value="25.192-b12"/>
    <property name="java.ext.dirs" value="/Users/olamy/Library/Java/Extensions:/Users/olamy/softs/jenkins/home_maven_invoker/tools/hudson.model.JDK/jdk8/jre/lib/ext:/Library/Java/Extensions:/Network/Library/Java/Extensions:/System/Library/Java/Extensions:/usr/lib/java"/>
    <property name="sun.io.unicode.encoding" value="UnicodeBig"/>
    <property name="java.class.version" value="52.0"/>
    <property name="maven.test.failure.ignore" value="true"/>
    <property name="socksNonProxyHosts" value="local|*.local|169.254/16|*.169.254/16"/>
  </properties>
  <testcase name="testJarTestEnvironment" classname="org.apache.maven.plugins.jar.JarMojoTest" time="0.861"/>
</testsuite>